# JRE version: Java(TM) SE Runtime Environment (8.0_112-b15) (build 1.8.0_112-b15)
# Java VM: Java HotSpot(TM) 64-Bit Server VM (25.112-b15 mixed mode windows-amd64 compressed oops)
Heap:
 PSYoungGen      total 142848K, used 50984K [0x00000000d5600000, 0x00000000dec00000, 0x0000000100000000)
  eden space 133120K, 38% used [0x00000000d5600000,0x00000000d87ca120,0x00000000dd800000)
  from space 9728K, 0% used [0x00000000de280000,0x00000000de280000,0x00000000dec00000)
  to   space 10240K, 0% used [0x00000000dd800000,0x00000000dd800000,0x00000000de200000)
 ParOldGen       total 66048K, used 12022K [0x0000000080200000, 0x0000000084280000, 0x00000000d5600000)
  object space 66048K, 18% used [0x0000000080200000,0x0000000080dbdb20,0x0000000084280000)
 Metaspace       used 23760K, capacity 24060K, committed 24448K, reserved 1071104K
  class space    used 2992K, capacity 3091K, committed 3200K, reserved 1048576K
GC Heap History (10 events):
Event: 2.284 GC heap before
{Heap before GC invocations=3 (full 0):
 PSYoungGen      total 38400K, used 38374K [0x00000000d5600000, 0x00000000da100000, 0x0000000100000000)
  eden space 33280K, 100% used [0x00000000d5600000,0x00000000d7680000,0x00000000d7680000)
  from space 5120K, 99% used [0x00000000d7b80000,0x00000000d8079970,0x00000000d8080000)
  to   space 5120K, 0% used [0x00000000d7680000,0x00000000d7680000,0x00000000d7b80000)
 ParOldGen       total 87552K, used 4017K [0x0000000080200000, 0x0000000085780000, 0x00000000d5600000)
  object space 87552K, 4% used [0x0000000080200000,0x00000000805ec700,0x0000000085780000)
 Metaspace       used 15733K, capacity 15882K, committed 16128K, reserved 1062912K
  class space    used 1955K, capacity 1989K, committed 2048K, reserved 1048576K
Event: 2.295 GC heap after
Heap after GC invocations=3 (full 0):
 PSYoungGen      total 38400K, used 5104K [0x00000000d5600000, 0x00000000da100000, 0x0000000100000000)
  eden space 33280K, 0% used [0x00000000d5600000,0x00000000d5600000,0x00000000d7680000)
  from space 5120K, 99% used [0x00000000d7680000,0x00000000d7b7c020,0x00000000d7b80000)
  to   space 5120K, 0% used [0x00000000d9c00000,0x00000000d9c00000,0x00000000da100000)
 ParOldGen       total 87552K, used 7768K [0x0000000080200000, 0x0000000085780000, 0x00000000d5600000)
  object space 87552K, 8% used [0x0000000080200000,0x0000000080996328,0x0000000085780000)
 Metaspace       used 15733K, capacity 15882K, committed 16128K, reserved 1062912K
  class space    used 1955K, capacity 1989K, committed 2048K, reserved 1048576K
}
Event: 2.591 GC heap before
{Heap before GC invocations=4 (full 0):
 PSYoungGen      total 38400K, used 38384K [0x00000000d5600000, 0x00000000da100000, 0x0000000100000000)
  eden space 33280K, 100% used [0x00000000d5600000,0x00000000d7680000,0x00000000d7680000)
  from space 5120K, 99% used [0x00000000d7680000,0x00000000d7b7c020,0x00000000d7b80000)
  to   space 5120K, 0% used [0x00000000d9c00000,0x00000000d9c00000,0x00000000da100000)
 ParOldGen       total 87552K, used 7768K [0x0000000080200000, 0x0000000085780000, 0x00000000d5600000)
  object space 87552K, 8% used [0x0000000080200000,0x0000000080996328,0x0000000085780000)
 Metaspace       used 16792K, capacity 16986K, committed 17024K, reserved 1064960K
  class space    used 2091K, capacity 2157K, committed 2176K, reserved 1048576K
Event: 2.604 GC heap after
Heap after GC invocations=4 (full 0):
 PSYoungGen      total 71680K, used 5104K [0x00000000d5600000, 0x00000000da100000, 0x0000000100000000)
  eden space 66560K, 0% used [0x00000000d5600000,0x00000000d5600000,0x00000000d9700000)
  from space 5120K, 99% used [0x00000000d9c00000,0x00000000da0fc020,0x00000000da100000)
  to   space 5120K, 0% used [0x00000000d9700000,0x00000000d9700000,0x00000000d9c00000)
 ParOldGen       total 87552K, used 8906K [0x0000000080200000, 0x0000000085780000, 0x00000000d5600000)
  object space 87552K, 10% used [0x0000000080200000,0x0000000080ab2a30,0x0000000085780000)
 Metaspace       used 16792K, capacity 16986K, committed 17024K, reserved 1064960K
  class space    used 2091K, capacity 2157K, committed 2176K, reserved 1048576K
}
Event: 3.183 GC heap before
{Heap before GC invocations=5 (full 0):
 PSYoungGen      total 71680K, used 71664K [0x00000000d5600000, 0x00000000da100000, 0x0000000100000000)
  eden space 66560K, 100% used [0x00000000d5600000,0x00000000d9700000,0x00000000d9700000)
  from space 5120K, 99% used [0x00000000d9c00000,0x00000000da0fc020,0x00000000da100000)
  to   space 5120K, 0% used [0x00000000d9700000,0x00000000d9700000,0x00000000d9c00000)
 ParOldGen       total 87552K, used 8906K [0x0000000080200000, 0x0000000085780000, 0x00000000d5600000)
  object space 87552K, 10% used [0x0000000080200000,0x0000000080ab2a30,0x0000000085780000)
 Metaspace       used 19728K, capacity 20000K, committed 20224K, reserved 1067008K
  class space    used 2440K, capacity 2537K, committed 2560K, reserved 1048576K
Event: 3.199 GC heap after
Heap after GC invocations=5 (full 0):
 PSYoungGen      total 71680K, used 5120K [0x00000000d5600000, 0x00000000ded00000, 0x0000000100000000)
  eden space 66560K, 0% used [0x00000000d5600000,0x00000000d5600000,0x00000000d9700000)
  from space 5120K, 100% used [0x00000000d9700000,0x00000000d9c00000,0x00000000d9c00000)
  to   space 10752K, 0% used [0x00000000de280000,0x00000000de280000,0x00000000ded00000)
 ParOldGen       total 87552K, used 12515K [0x0000000080200000, 0x0000000085780000, 0x00000000d5600000)
  object space 87552K, 14% used [0x0000000080200000,0x0000000080e38cd0,0x0000000085780000)
 Metaspace       used 19728K, capacity 20000K, committed 20224K, reserved 1067008K
  class space    used 2440K, capacity 2537K, committed 2560K, reserved 1048576K
}
Event: 3.547 GC heap before
{Heap before GC invocations=6 (full 0):
 PSYoungGen      total 71680K, used 25847K [0x00000000d5600000, 0x00000000ded00000, 0x0000000100000000)
  eden space 66560K, 31% used [0x00000000d5600000,0x00000000d6a3dd30,0x00000000d9700000)
  from space 5120K, 100% used [0x00000000d9700000,0x00000000d9c00000,0x00000000d9c00000)
  to   space 10752K, 0% used [0x00000000de280000,0x00000000de280000,0x00000000ded00000)
 ParOldGen       total 87552K, used 12515K [0x0000000080200000, 0x0000000085780000, 0x00000000d5600000)
  object space 87552K, 14% used [0x0000000080200000,0x0000000080e38cd0,0x0000000085780000)
 Metaspace       used 20870K, capacity 21126K, committed 21248K, reserved 1067008K
  class space    used 2612K, capacity 2698K, committed 2816K, reserved 1048576K
Event: 3.558 GC heap after
Heap after GC invocations=6 (full 0):
 PSYoungGen      total 142848K, used 7064K [0x00000000d5600000, 0x00000000dec00000, 0x0000000100000000)
  eden space 133120K, 0% used [0x00000000d5600000,0x00000000d5600000,0x00000000dd800000)
  from space 9728K, 72% used [0x00000000de280000,0x00000000de9660c8,0x00000000dec00000)
  to   space 10240K, 0% used [0x00000000dd800000,0x00000000dd800000,0x00000000de200000)
 ParOldGen       total 87552K, used 12523K [0x0000000080200000, 0x0000000085780000, 0x00000000d5600000)
  object space 87552K, 14% used [0x0000000080200000,0x0000000080e3acd0,0x0000000085780000)
 Metaspace       used 20870K, capacity 21126K, committed 21248K, reserved 1067008K
  class space    used 2612K, capacity 2698K, committed 2816K, reserved 1048576K
}
Event: 3.558 GC heap before
{Heap before GC invocations=7 (full 1):
 PSYoungGen      total 142848K, used 7064K [0x00000000d5600000, 0x00000000dec00000, 0x0000000100000000)
  eden space 133120K, 0% used [0x00000000d5600000,0x00000000d5600000,0x00000000dd800000)
  from space 9728K, 72% used [0x00000000de280000,0x00000000de9660c8,0x00000000dec00000)
  to   space 10240K, 0% used [0x00000000dd800000,0x00000000dd800000,0x00000000de200000)
 ParOldGen       total 87552K, used 12523K [0x0000000080200000, 0x0000000085780000, 0x00000000d5600000)
  object space 87552K, 14% used [0x0000000080200000,0x0000000080e3acd0,0x0000000085780000)
 Metaspace       used 20870K, capacity 21126K, committed 21248K, reserved 1067008K
  class space    used 2612K, capacity 2698K, committed 2816K, reserved 1048576K
Event: 3.624 GC heap after
Heap after GC invocations=7 (full 1):
 PSYoungGen      total 142848K, used 0K [0x00000000d5600000, 0x00000000dec00000, 0x0000000100000000)
  eden space 133120K, 0% used [0x00000000d5600000,0x00000000d5600000,0x00000000dd800000)
  from space 9728K, 0% used [0x00000000de280000,0x00000000de280000,0x00000000dec00000)
  to   space 10240K, 0% used [0x00000000dd800000,0x00000000dd800000,0x00000000de200000)
 ParOldGen       total 66048K, used 12022K [0x0000000080200000, 0x0000000084280000, 0x00000000d5600000)
  object space 66048K, 18% used [0x0000000080200000,0x0000000080dbdb20,0x0000000084280000)
 Metaspace       used 20870K, capacity 21126K, committed 21248K, reserved 1067008K
  class space    used 2612K, capacity 2698K, committed 2816K, reserved 1048576K
}

